2018-03-11 21:44:50 9776 [Note] Plugin 'FEDERATED' is disabled.
2018-03-11 21:44:50 9776 [Note] InnoDB: Using atomics to ref count buffer pool pages
2018-03-11 21:44:50 9776 [Note] InnoDB: The InnoDB memory heap is disabled
2018-03-11 21:44:50 9776 [Note] InnoDB: Mutexes and rw_locks use Windows interlocked functions
2018-03-11 21:44:50 9776 [Note] InnoDB: Memory barrier is not used
2018-03-11 21:44:50 9776 [Note] InnoDB: Compressed tables use zlib 1.2.3
2018-03-11 21:44:50 9776 [Note] InnoDB: Not using CPU crc32 instructions
2018-03-11 21:44:51 9776 [Note] InnoDB: Initializing buffer pool, size = 512.0M
2018-03-11 21:44:51 9776 [Note] InnoDB: Completed initialization of buffer pool
2018-03-11 21:44:51 9776 [Note] InnoDB: Highest supported file format is Barracuda.
2018-03-11 21:44:51 9776 [Warning] InnoDB: Resizing redo log from 2*3072 to 2*2048 pages, LSN=1625977
2018-03-11 21:44:52 9776 [Warning] InnoDB: Starting to delete and rewrite log files.
2018-03-11 21:44:52 9776 [Note] InnoDB: Setting log file .\ib_logfile101 size to 32 MB
2018-03-11 21:44:53 9776 [Note] InnoDB: Setting log file .\ib_logfile1 size to 32 MB
2018-03-11 21:44:54 9776 [Note] InnoDB: Renaming log file .\ib_logfile101 to .\ib_logfile0
2018-03-11 21:44:54 9776 [Warning] InnoDB: New log files created, LSN=1625977
2018-03-11 21:44:54 9776 [Note] InnoDB: 128 rollback segment(s) are active.
2018-03-11 21:44:54 9776 [Note] InnoDB: Waiting for purge to start
2018-03-11 21:44:54 9776 [Note] InnoDB: 5.6.38 started; log sequence number 1625977
2018-03-11 21:44:54 9776 [Warning] No existing UUID has been found, so we assume that this is the first time that this server has been started. Generating a new UUID: c3156ef0-253a-11e8-904a-382c4a1579fd.
2018-03-11 21:44:54 9776 [Note] Server hostname (bind-address): '*'; port: 33067
2018-03-11 21:44:54 9776 [Note] IPv6 is available.
2018-03-11 21:44:54 9776 [Note]   - '::' resolves to '::';
2018-03-11 21:44:54 9776 [Note] Server socket created on IP: '::'.
2018-03-11 21:44:54 9776 [Note] Event Scheduler: Loaded 0 events
2018-03-11 21:44:54 9776 [Note] C:\Program Files (x86)\DevDesktop\mysql\bin\mysqld.exe: ready for connections.
Version: '5.6.38-log'  socket: ''  port: 33067  MySQL Community Server (GPL)
2018-03-11 21:45:03 9776 [Note] C:\Program Files (x86)\DevDesktop\mysql\bin\mysqld.exe: Normal shutdown

2018-03-11 21:45:03 9776 [Note] Giving 0 client threads a chance to die gracefully
2018-03-11 21:45:03 9776 [Note] Event Scheduler: Purging the queue. 0 events
2018-03-11 21:45:03 9776 [Note] Shutting down slave threads
2018-03-11 21:45:03 9776 [Note] Forcefully disconnecting 0 remaining clients
2018-03-11 21:45:03 9776 [Note] Binlog end
2018-03-11 21:45:03 9776 [Note] Shutting down plugin 'partition'
2018-03-11 21:45:03 9776 [Note] Shutting down plugin 'PERFORMANCE_SCHEMA'
2018-03-11 21:45:03 9776 [Note] Shutting down plugin 'INNODB_SYS_DATAFILES'
2018-03-11 21:45:03 9776 [Note] Shutting down plugin 'INNODB_SYS_TABLESPACES'
2018-03-11 21:45:03 9776 [Note] Shutting down plugin 'INNODB_SYS_FOREIGN_COLS'
2018-03-11 21:45:03 9776 [Note] Shutting down plugin 'INNODB_SYS_FOREIGN'
2018-03-11 21:45:03 9776 [Note] Shutting down plugin 'INNODB_SYS_FIELDS'
2018-03-11 21:45:03 9776 [Note] Shutting down plugin 'INNODB_SYS_COLUMNS'
2018-03-11 21:45:03 9776 [Note] Shutting down plugin 'INNODB_SYS_INDEXES'
2018-03-11 21:45:03 9776 [Note] Shutting down plugin 'INNODB_SYS_TABLESTATS'
2018-03-11 21:45:03 9776 [Note] Shutting down plugin 'INNODB_SYS_TABLES'
2018-03-11 21:45:03 9776 [Note] Shutting down plugin 'INNODB_FT_INDEX_TABLE'
2018-03-11 21:45:03 9776 [Note] Shutting down plugin 'INNODB_FT_INDEX_CACHE'
2018-03-11 21:45:03 9776 [Note] Shutting down plugin 'INNODB_FT_CONFIG'
2018-03-11 21:45:03 9776 [Note] Shutting down plugin 'INNODB_FT_BEING_DELETED'
2018-03-11 21:45:03 9776 [Note] Shutting down plugin 'INNODB_FT_DELETED'
2018-03-11 21:45:03 9776 [Note] Shutting down plugin 'INNODB_FT_DEFAULT_STOPWORD'
2018-03-11 21:45:03 9776 [Note] Shutting down plugin 'INNODB_METRICS'
2018-03-11 21:45:03 9776 [Note] Shutting down plugin 'INNODB_BUFFER_POOL_STATS'
2018-03-11 21:45:03 9776 [Note] Shutting down plugin 'INNODB_BUFFER_PAGE_LRU'
2018-03-11 21:45:03 9776 [Note] Shutting down plugin 'INNODB_BUFFER_PAGE'
2018-03-11 21:45:03 9776 [Note] Shutting down plugin 'INNODB_CMP_PER_INDEX_RESET'
2018-03-11 21:45:03 9776 [Note] Shutting down plugin 'INNODB_CMP_PER_INDEX'
2018-03-11 21:45:03 9776 [Note] Shutting down plugin 'INNODB_CMPMEM_RESET'
2018-03-11 21:45:03 9776 [Note] Shutting down plugin 'INNODB_CMPMEM'
2018-03-11 21:45:03 9776 [Note] Shutting down plugin 'INNODB_CMP_RESET'
2018-03-11 21:45:03 9776 [Note] Shutting down plugin 'INNODB_CMP'
2018-03-11 21:45:03 9776 [Note] Shutting down plugin 'INNODB_LOCK_WAITS'
2018-03-11 21:45:03 9776 [Note] Shutting down plugin 'INNODB_LOCKS'
2018-03-11 21:45:03 9776 [Note] Shutting down plugin 'INNODB_TRX'
2018-03-11 21:45:03 9776 [Note] Shutting down plugin 'InnoDB'
2018-03-11 21:45:03 9776 [Note] InnoDB: FTS optimize thread exiting.
2018-03-11 21:45:03 9776 [Note] InnoDB: Starting shutdown...
2018-03-11 21:45:04 9776 [Note] InnoDB: Shutdown completed; log sequence number 1626134
2018-03-11 21:45:04 9776 [Note] Shutting down plugin 'BLACKHOLE'
2018-03-11 21:45:04 9776 [Note] Shutting down plugin 'ARCHIVE'
2018-03-11 21:45:04 9776 [Note] Shutting down plugin 'MRG_MYISAM'
2018-03-11 21:45:04 9776 [Note] Shutting down plugin 'MyISAM'
2018-03-11 21:45:04 9776 [Note] Shutting down plugin 'MEMORY'
2018-03-11 21:45:04 9776 [Note] Shutting down plugin 'CSV'
2018-03-11 21:45:04 9776 [Note] Shutting down plugin 'sha256_password'
2018-03-11 21:45:04 9776 [Note] Shutting down plugin 'mysql_old_password'
2018-03-11 21:45:04 9776 [Note] Shutting down plugin 'mysql_native_password'
2018-03-11 21:45:04 9776 [Note] Shutting down plugin 'binlog'
2018-03-11 21:45:04 9776 [Note] C:\Program Files (x86)\DevDesktop\mysql\bin\mysqld.exe: Shutdown complete

2018-03-20 00:06:00 3132 [Note] Plugin 'FEDERATED' is disabled.
2018-03-20 00:06:01 3132 [Note] InnoDB: Using atomics to ref count buffer pool pages
2018-03-20 00:06:01 3132 [Note] InnoDB: The InnoDB memory heap is disabled
2018-03-20 00:06:01 3132 [Note] InnoDB: Mutexes and rw_locks use Windows interlocked functions
2018-03-20 00:06:01 3132 [Note] InnoDB: Memory barrier is not used
2018-03-20 00:06:01 3132 [Note] InnoDB: Compressed tables use zlib 1.2.3
2018-03-20 00:06:01 3132 [Note] InnoDB: Not using CPU crc32 instructions
2018-03-20 00:06:01 3132 [Note] InnoDB: Initializing buffer pool, size = 512.0M
2018-03-20 00:06:01 3132 [Note] InnoDB: Completed initialization of buffer pool
2018-03-20 00:06:02 3132 [Note] InnoDB: Highest supported file format is Barracuda.
2018-03-20 00:06:06 3132 [Note] InnoDB: 128 rollback segment(s) are active.
2018-03-20 00:06:06 3132 [Note] InnoDB: Waiting for purge to start
2018-03-20 00:06:06 3132 [Note] InnoDB: 5.6.38 started; log sequence number 1626134
2018-03-20 00:06:07 3132 [Note] Server hostname (bind-address): '*'; port: 33067
2018-03-20 00:06:07 3132 [Note] IPv6 is available.
2018-03-20 00:06:07 3132 [Note]   - '::' resolves to '::';
2018-03-20 00:06:07 3132 [Note] Server socket created on IP: '::'.
2018-03-20 00:06:11 3132 [Note] Event Scheduler: Loaded 0 events
2018-03-20 00:06:11 3132 [Note] C:\Program Files (x86)\DevDesktop\mysql\bin\mysqld.exe: ready for connections.
Version: '5.6.38-log'  socket: ''  port: 33067  MySQL Community Server (GPL)
2018-03-20 00:18:50 3132 [Note] C:\Program Files (x86)\DevDesktop\mysql\bin\mysqld.exe: Normal shutdown

2018-03-20 00:18:50 3132 [Note] Giving 0 client threads a chance to die gracefully
2018-03-20 00:18:50 3132 [Note] Event Scheduler: Purging the queue. 0 events
2018-03-20 00:18:50 3132 [Note] Shutting down slave threads
2018-03-20 00:18:50 3132 [Note] Forcefully disconnecting 0 remaining clients
2018-03-20 00:18:50 3132 [Note] Binlog end
2018-03-20 00:18:51 3132 [Note] Shutting down plugin 'partition'
2018-03-20 00:18:51 3132 [Note] Shutting down plugin 'PERFORMANCE_SCHEMA'
2018-03-20 00:18:51 3132 [Note] Shutting down plugin 'INNODB_SYS_DATAFILES'
2018-03-20 00:18:51 3132 [Note] Shutting down plugin 'INNODB_SYS_TABLESPACES'
2018-03-20 00:18:51 3132 [Note] Shutting down plugin 'INNODB_SYS_FOREIGN_COLS'
2018-03-20 00:18:51 3132 [Note] Shutting down plugin 'INNODB_SYS_FOREIGN'
2018-03-20 00:18:51 3132 [Note] Shutting down plugin 'INNODB_SYS_FIELDS'
2018-03-20 00:18:51 3132 [Note] Shutting down plugin 'INNODB_SYS_COLUMNS'
2018-03-20 00:18:51 3132 [Note] Shutting down plugin 'INNODB_SYS_INDEXES'
2018-03-20 00:18:51 3132 [Note] Shutting down plugin 'INNODB_SYS_TABLESTATS'
2018-03-20 00:18:51 3132 [Note] Shutting down plugin 'INNODB_SYS_TABLES'
2018-03-20 00:18:51 3132 [Note] Shutting down plugin 'INNODB_FT_INDEX_TABLE'
2018-03-20 00:18:51 3132 [Note] Shutting down plugin 'INNODB_FT_INDEX_CACHE'
2018-03-20 00:18:51 3132 [Note] Shutting down plugin 'INNODB_FT_CONFIG'
2018-03-20 00:18:51 3132 [Note] Shutting down plugin 'INNODB_FT_BEING_DELETED'
2018-03-20 00:18:51 3132 [Note] Shutting down plugin 'INNODB_FT_DELETED'
2018-03-20 00:18:51 3132 [Note] Shutting down plugin 'INNODB_FT_DEFAULT_STOPWORD'
2018-03-20 00:18:51 3132 [Note] Shutting down plugin 'INNODB_METRICS'
2018-03-20 00:18:51 3132 [Note] Shutting down plugin 'INNODB_BUFFER_POOL_STATS'
2018-03-20 00:18:51 3132 [Note] Shutting down plugin 'INNODB_BUFFER_PAGE_LRU'
2018-03-20 00:18:51 3132 [Note] Shutting down plugin 'INNODB_BUFFER_PAGE'
2018-03-20 00:18:51 3132 [Note] Shutting down plugin 'INNODB_CMP_PER_INDEX_RESET'
2018-03-20 00:18:51 3132 [Note] Shutting down plugin 'INNODB_CMP_PER_INDEX'
2018-03-20 00:18:51 3132 [Note] Shutting down plugin 'INNODB_CMPMEM_RESET'
2018-03-20 00:18:51 3132 [Note] Shutting down plugin 'INNODB_CMPMEM'
2018-03-20 00:18:51 3132 [Note] Shutting down plugin 'INNODB_CMP_RESET'
2018-03-20 00:18:51 3132 [Note] Shutting down plugin 'INNODB_CMP'
2018-03-20 00:18:51 3132 [Note] Shutting down plugin 'INNODB_LOCK_WAITS'
2018-03-20 00:18:51 3132 [Note] Shutting down plugin 'INNODB_LOCKS'
2018-03-20 00:18:51 3132 [Note] Shutting down plugin 'INNODB_TRX'
2018-03-20 00:18:51 3132 [Note] Shutting down plugin 'InnoDB'
2018-03-20 00:18:51 3132 [Note] InnoDB: FTS optimize thread exiting.
2018-03-20 00:18:51 3132 [Note] InnoDB: Starting shutdown...
2018-03-20 00:18:52 3132 [Note] InnoDB: Shutdown completed; log sequence number 1626144
2018-03-20 00:18:52 3132 [Note] Shutting down plugin 'BLACKHOLE'
2018-03-20 00:18:52 3132 [Note] Shutting down plugin 'ARCHIVE'
2018-03-20 00:18:52 3132 [Note] Shutting down plugin 'MRG_MYISAM'
2018-03-20 00:18:52 3132 [Note] Shutting down plugin 'MyISAM'
2018-03-20 00:18:52 3132 [Note] Shutting down plugin 'MEMORY'
2018-03-20 00:18:52 3132 [Note] Shutting down plugin 'CSV'
2018-03-20 00:18:52 3132 [Note] Shutting down plugin 'sha256_password'
2018-03-20 00:18:52 3132 [Note] Shutting down plugin 'mysql_old_password'
2018-03-20 00:18:52 3132 [Note] Shutting down plugin 'mysql_native_password'
2018-03-20 00:18:52 3132 [Note] Shutting down plugin 'binlog'
2018-03-20 00:18:52 3132 [Note] C:\Program Files (x86)\DevDesktop\mysql\bin\mysqld.exe: Shutdown complete

2018-03-25 16:05:24 5232 [Note] Plugin 'FEDERATED' is disabled.
2018-03-25 16:05:27 5232 [Note] InnoDB: Using atomics to ref count buffer pool pages
2018-03-25 16:05:27 5232 [Note] InnoDB: The InnoDB memory heap is disabled
2018-03-25 16:05:27 5232 [Note] InnoDB: Mutexes and rw_locks use Windows interlocked functions
2018-03-25 16:05:27 5232 [Note] InnoDB: Memory barrier is not used
2018-03-25 16:05:27 5232 [Note] InnoDB: Compressed tables use zlib 1.2.3
2018-03-25 16:05:28 5232 [Note] InnoDB: Not using CPU crc32 instructions
2018-03-25 16:05:28 5232 [Note] InnoDB: Initializing buffer pool, size = 512.0M
2018-03-25 16:05:28 5232 [Note] InnoDB: Completed initialization of buffer pool
2018-03-25 16:05:29 5232 [Note] InnoDB: Highest supported file format is Barracuda.
2018-03-25 16:05:30 5232 [Note] InnoDB: 128 rollback segment(s) are active.
2018-03-25 16:05:30 5232 [Note] InnoDB: Waiting for purge to start
2018-03-25 16:05:31 5232 [Note] InnoDB: 5.6.38 started; log sequence number 1626144
2018-03-25 16:05:31 5232 [Note] Server hostname (bind-address): '*'; port: 33067
2018-03-25 16:05:31 5232 [Note] IPv6 is available.
2018-03-25 16:05:31 5232 [Note]   - '::' resolves to '::';
2018-03-25 16:05:31 5232 [Note] Server socket created on IP: '::'.
2018-03-25 16:05:35 5232 [Note] Event Scheduler: Loaded 0 events
2018-03-25 16:05:35 5232 [Note] C:\Program Files (x86)\DevDesktop\mysql\bin\mysqld.exe: ready for connections.
Version: '5.6.38-log'  socket: ''  port: 33067  MySQL Community Server (GPL)
2018-03-25 23:17:30 5232 [Note] C:\Program Files (x86)\DevDesktop\mysql\bin\mysqld.exe: Normal shutdown

2018-03-25 23:17:30 5232 [Note] Giving 0 client threads a chance to die gracefully
2018-03-25 23:17:30 5232 [Note] Event Scheduler: Purging the queue. 0 events
2018-03-25 23:17:30 5232 [Note] Shutting down slave threads
2018-03-25 23:17:30 5232 [Note] Forcefully disconnecting 0 remaining clients
2018-03-25 23:17:31 5232 [Note] Binlog end
2018-03-25 23:17:31 5232 [Note] Shutting down plugin 'partition'
2018-03-25 23:17:31 5232 [Note] Shutting down plugin 'PERFORMANCE_SCHEMA'
2018-03-25 23:17:31 5232 [Note] Shutting down plugin 'INNODB_SYS_DATAFILES'
2018-03-25 23:17:31 5232 [Note] Shutting down plugin 'INNODB_SYS_TABLESPACES'
2018-03-25 23:17:31 5232 [Note] Shutting down plugin 'INNODB_SYS_FOREIGN_COLS'
2018-03-25 23:17:31 5232 [Note] Shutting down plugin 'INNODB_SYS_FOREIGN'
2018-03-25 23:17:31 5232 [Note] Shutting down plugin 'INNODB_SYS_FIELDS'
2018-03-25 23:17:31 5232 [Note] Shutting down plugin 'INNODB_SYS_COLUMNS'
2018-03-25 23:17:31 5232 [Note] Shutting down plugin 'INNODB_SYS_INDEXES'
2018-03-25 23:17:31 5232 [Note] Shutting down plugin 'INNODB_SYS_TABLESTATS'
2018-03-25 23:17:31 5232 [Note] Shutting down plugin 'INNODB_SYS_TABLES'
2018-03-25 23:17:31 5232 [Note] Shutting down plugin 'INNODB_FT_INDEX_TABLE'
2018-03-25 23:17:31 5232 [Note] Shutting down plugin 'INNODB_FT_INDEX_CACHE'
2018-03-25 23:17:31 5232 [Note] Shutting down plugin 'INNODB_FT_CONFIG'
2018-03-25 23:17:31 5232 [Note] Shutting down plugin 'INNODB_FT_BEING_DELETED'
2018-03-25 23:17:31 5232 [Note] Shutting down plugin 'INNODB_FT_DELETED'
2018-03-25 23:17:31 5232 [Note] Shutting down plugin 'INNODB_FT_DEFAULT_STOPWORD'
2018-03-25 23:17:31 5232 [Note] Shutting down plugin 'INNODB_METRICS'
2018-03-25 23:17:31 5232 [Note] Shutting down plugin 'INNODB_BUFFER_POOL_STATS'
2018-03-25 23:17:31 5232 [Note] Shutting down plugin 'INNODB_BUFFER_PAGE_LRU'
2018-03-25 23:17:31 5232 [Note] Shutting down plugin 'INNODB_BUFFER_PAGE'
2018-03-25 23:17:31 5232 [Note] Shutting down plugin 'INNODB_CMP_PER_INDEX_RESET'
2018-03-25 23:17:31 5232 [Note] Shutting down plugin 'INNODB_CMP_PER_INDEX'
2018-03-25 23:17:31 5232 [Note] Shutting down plugin 'INNODB_CMPMEM_RESET'
2018-03-25 23:17:31 5232 [Note] Shutting down plugin 'INNODB_CMPMEM'
2018-03-25 23:17:31 5232 [Note] Shutting down plugin 'INNODB_CMP_RESET'
2018-03-25 23:17:31 5232 [Note] Shutting down plugin 'INNODB_CMP'
2018-03-25 23:17:31 5232 [Note] Shutting down plugin 'INNODB_LOCK_WAITS'
2018-03-25 23:17:31 5232 [Note] Shutting down plugin 'INNODB_LOCKS'
2018-03-25 23:17:31 5232 [Note] Shutting down plugin 'INNODB_TRX'
2018-03-25 23:17:31 5232 [Note] Shutting down plugin 'InnoDB'
2018-03-25 23:17:31 5232 [Note] InnoDB: FTS optimize thread exiting.
2018-03-25 23:17:31 5232 [Note] InnoDB: Starting shutdown...
2018-03-25 23:17:36 5232 [Note] InnoDB: Shutdown completed; log sequence number 78472506
2018-03-25 23:17:36 5232 [Note] Shutting down plugin 'BLACKHOLE'
2018-03-25 23:17:36 5232 [Note] Shutting down plugin 'ARCHIVE'
2018-03-25 23:17:36 5232 [Note] Shutting down plugin 'MRG_MYISAM'
2018-03-25 23:17:36 5232 [Note] Shutting down plugin 'MyISAM'
2018-03-25 23:17:36 5232 [Note] Shutting down plugin 'MEMORY'
2018-03-25 23:17:36 5232 [Note] Shutting down plugin 'CSV'
2018-03-25 23:17:36 5232 [Note] Shutting down plugin 'sha256_password'
2018-03-25 23:17:36 5232 [Note] Shutting down plugin 'mysql_old_password'
2018-03-25 23:17:36 5232 [Note] Shutting down plugin 'mysql_native_password'
2018-03-25 23:17:36 5232 [Note] Shutting down plugin 'binlog'
2018-03-25 23:17:36 5232 [Note] C:\Program Files (x86)\DevDesktop\mysql\bin\mysqld.exe: Shutdown complete

2018-03-25 23:20:17 7036 [Note] Plugin 'FEDERATED' is disabled.
2018-03-25 23:20:18 7036 [Note] InnoDB: Using atomics to ref count buffer pool pages
2018-03-25 23:20:18 7036 [Note] InnoDB: The InnoDB memory heap is disabled
2018-03-25 23:20:18 7036 [Note] InnoDB: Mutexes and rw_locks use Windows interlocked functions
2018-03-25 23:20:18 7036 [Note] InnoDB: Memory barrier is not used
2018-03-25 23:20:18 7036 [Note] InnoDB: Compressed tables use zlib 1.2.3
2018-03-25 23:20:18 7036 [Note] InnoDB: Not using CPU crc32 instructions
2018-03-25 23:20:18 7036 [Note] InnoDB: Initializing buffer pool, size = 512.0M
2018-03-25 23:20:18 7036 [Note] InnoDB: Completed initialization of buffer pool
2018-03-25 23:20:19 7036 [Note] InnoDB: Highest supported file format is Barracuda.
2018-03-25 23:20:28 7036 [Note] InnoDB: 128 rollback segment(s) are active.
2018-03-25 23:20:28 7036 [Note] InnoDB: Waiting for purge to start
2018-03-25 23:20:28 7036 [Note] InnoDB: 5.6.38 started; log sequence number 78472506
2018-03-25 23:20:28 7036 [Note] Server hostname (bind-address): '*'; port: 33067
2018-03-25 23:20:28 7036 [Note] IPv6 is available.
2018-03-25 23:20:28 7036 [Note]   - '::' resolves to '::';
2018-03-25 23:20:28 7036 [Note] Server socket created on IP: '::'.
2018-03-25 23:20:32 7036 [Note] Event Scheduler: Loaded 0 events
2018-03-25 23:20:32 7036 [Note] C:\Program Files (x86)\DevDesktop\mysql\bin\mysqld.exe: ready for connections.
Version: '5.6.38-log'  socket: ''  port: 33067  MySQL Community Server (GPL)
2018-03-25 23:36:01 7036 [Note] C:\Program Files (x86)\DevDesktop\mysql\bin\mysqld.exe: Normal shutdown

2018-03-25 23:36:01 7036 [Note] Giving 0 client threads a chance to die gracefully
2018-03-25 23:36:01 7036 [Note] Event Scheduler: Purging the queue. 0 events
2018-03-25 23:36:01 7036 [Note] Shutting down slave threads
2018-03-25 23:36:01 7036 [Note] Forcefully disconnecting 0 remaining clients
2018-03-25 23:36:01 7036 [Note] Binlog end
2018-03-25 23:36:01 7036 [Note] Shutting down plugin 'partition'
2018-03-25 23:36:01 7036 [Note] Shutting down plugin 'PERFORMANCE_SCHEMA'
2018-03-25 23:36:01 7036 [Note] Shutting down plugin 'INNODB_SYS_DATAFILES'
2018-03-25 23:36:01 7036 [Note] Shutting down plugin 'INNODB_SYS_TABLESPACES'
2018-03-25 23:36:01 7036 [Note] Shutting down plugin 'INNODB_SYS_FOREIGN_COLS'
2018-03-25 23:36:01 7036 [Note] Shutting down plugin 'INNODB_SYS_FOREIGN'
2018-03-25 23:36:01 7036 [Note] Shutting down plugin 'INNODB_SYS_FIELDS'
2018-03-25 23:36:01 7036 [Note] Shutting down plugin 'INNODB_SYS_COLUMNS'
2018-03-25 23:36:01 7036 [Note] Shutting down plugin 'INNODB_SYS_INDEXES'
2018-03-25 23:36:01 7036 [Note] Shutting down plugin 'INNODB_SYS_TABLESTATS'
2018-03-25 23:36:01 7036 [Note] Shutting down plugin 'INNODB_SYS_TABLES'
2018-03-25 23:36:01 7036 [Note] Shutting down plugin 'INNODB_FT_INDEX_TABLE'
2018-03-25 23:36:01 7036 [Note] Shutting down plugin 'INNODB_FT_INDEX_CACHE'
2018-03-25 23:36:01 7036 [Note] Shutting down plugin 'INNODB_FT_CONFIG'
2018-03-25 23:36:01 7036 [Note] Shutting down plugin 'INNODB_FT_BEING_DELETED'
2018-03-25 23:36:01 7036 [Note] Shutting down plugin 'INNODB_FT_DELETED'
2018-03-25 23:36:01 7036 [Note] Shutting down plugin 'INNODB_FT_DEFAULT_STOPWORD'
2018-03-25 23:36:01 7036 [Note] Shutting down plugin 'INNODB_METRICS'
2018-03-25 23:36:01 7036 [Note] Shutting down plugin 'INNODB_BUFFER_POOL_STATS'
2018-03-25 23:36:01 7036 [Note] Shutting down plugin 'INNODB_BUFFER_PAGE_LRU'
2018-03-25 23:36:01 7036 [Note] Shutting down plugin 'INNODB_BUFFER_PAGE'
2018-03-25 23:36:01 7036 [Note] Shutting down plugin 'INNODB_CMP_PER_INDEX_RESET'
2018-03-25 23:36:01 7036 [Note] Shutting down plugin 'INNODB_CMP_PER_INDEX'
2018-03-25 23:36:01 7036 [Note] Shutting down plugin 'INNODB_CMPMEM_RESET'
2018-03-25 23:36:01 7036 [Note] Shutting down plugin 'INNODB_CMPMEM'
2018-03-25 23:36:01 7036 [Note] Shutting down plugin 'INNODB_CMP_RESET'
2018-03-25 23:36:01 7036 [Note] Shutting down plugin 'INNODB_CMP'
2018-03-25 23:36:01 7036 [Note] Shutting down plugin 'INNODB_LOCK_WAITS'
2018-03-25 23:36:01 7036 [Note] Shutting down plugin 'INNODB_LOCKS'
2018-03-25 23:36:01 7036 [Note] Shutting down plugin 'INNODB_TRX'
2018-03-25 23:36:01 7036 [Note] Shutting down plugin 'InnoDB'
2018-03-25 23:36:01 7036 [Note] InnoDB: FTS optimize thread exiting.
2018-03-25 23:36:01 7036 [Note] InnoDB: Starting shutdown...
2018-03-25 23:36:03 7036 [Note] InnoDB: Shutdown completed; log sequence number 78481683
2018-03-25 23:36:03 7036 [Note] Shutting down plugin 'BLACKHOLE'
2018-03-25 23:36:03 7036 [Note] Shutting down plugin 'ARCHIVE'
2018-03-25 23:36:03 7036 [Note] Shutting down plugin 'MRG_MYISAM'
2018-03-25 23:36:03 7036 [Note] Shutting down plugin 'MyISAM'
2018-03-25 23:36:03 7036 [Note] Shutting down plugin 'MEMORY'
2018-03-25 23:36:03 7036 [Note] Shutting down plugin 'CSV'
2018-03-25 23:36:03 7036 [Note] Shutting down plugin 'sha256_password'
2018-03-25 23:36:03 7036 [Note] Shutting down plugin 'mysql_old_password'
2018-03-25 23:36:03 7036 [Note] Shutting down plugin 'mysql_native_password'
2018-03-25 23:36:03 7036 [Note] Shutting down plugin 'binlog'
2018-03-25 23:36:03 7036 [Note] C:\Program Files (x86)\DevDesktop\mysql\bin\mysqld.exe: Shutdown complete

2018-03-26 10:06:58 4284 [Note] Plugin 'FEDERATED' is disabled.
2018-03-26 10:06:58 4284 [Note] InnoDB: Using atomics to ref count buffer pool pages
2018-03-26 10:06:58 4284 [Note] InnoDB: The InnoDB memory heap is disabled
2018-03-26 10:06:58 4284 [Note] InnoDB: Mutexes and rw_locks use Windows interlocked functions
2018-03-26 10:06:58 4284 [Note] InnoDB: Memory barrier is not used
2018-03-26 10:06:58 4284 [Note] InnoDB: Compressed tables use zlib 1.2.3
2018-03-26 10:06:58 4284 [Note] InnoDB: Not using CPU crc32 instructions
2018-03-26 10:06:58 4284 [Note] InnoDB: Initializing buffer pool, size = 512.0M
2018-03-26 10:06:58 4284 [Note] InnoDB: Completed initialization of buffer pool
2018-03-26 10:06:58 4284 [Note] InnoDB: Highest supported file format is Barracuda.
2018-03-26 10:07:02 4284 [Note] InnoDB: 128 rollback segment(s) are active.
2018-03-26 10:07:02 4284 [Note] InnoDB: Waiting for purge to start
2018-03-26 10:07:02 4284 [Note] InnoDB: 5.6.38 started; log sequence number 78481683
2018-03-26 10:07:02 4284 [Note] Server hostname (bind-address): '*'; port: 33067
2018-03-26 10:07:02 4284 [Note] IPv6 is available.
2018-03-26 10:07:02 4284 [Note]   - '::' resolves to '::';
2018-03-26 10:07:02 4284 [Note] Server socket created on IP: '::'.
2018-03-26 10:07:04 4284 [Note] Event Scheduler: Loaded 0 events
2018-03-26 10:07:04 4284 [Note] C:\Program Files (x86)\DevDesktop\mysql\bin\mysqld.exe: ready for connections.
Version: '5.6.38-log'  socket: ''  port: 33067  MySQL Community Server (GPL)
2018-03-26 23:30:35 5372 [Note] Plugin 'FEDERATED' is disabled.
2018-03-26 23:30:35 5372 [Note] InnoDB: Using atomics to ref count buffer pool pages
2018-03-26 23:30:35 5372 [Note] InnoDB: The InnoDB memory heap is disabled
2018-03-26 23:30:35 5372 [Note] InnoDB: Mutexes and rw_locks use Windows interlocked functions
2018-03-26 23:30:35 5372 [Note] InnoDB: Memory barrier is not used
2018-03-26 23:30:35 5372 [Note] InnoDB: Compressed tables use zlib 1.2.3
2018-03-26 23:30:35 5372 [Note] InnoDB: Not using CPU crc32 instructions
2018-03-26 23:30:35 5372 [Note] InnoDB: Initializing buffer pool, size = 512.0M
2018-03-26 23:30:35 5372 [Note] InnoDB: Completed initialization of buffer pool
2018-03-26 23:30:35 5372 [Note] InnoDB: Highest supported file format is Barracuda.
2018-03-26 23:30:35 5372 [Note] InnoDB: The log sequence numbers 78481683 and 78481683 in ibdata files do not match the log sequence number 78481693 in the ib_logfiles!
2018-03-26 23:30:35 5372 [Note] InnoDB: Database was not shutdown normally!
2018-03-26 23:30:35 5372 [Note] InnoDB: Starting crash recovery.
2018-03-26 23:30:35 5372 [Note] InnoDB: Reading tablespace information from the .ibd files...
2018-03-26 23:30:37 5372 [Note] InnoDB: Restoring possible half-written data pages 
2018-03-26 23:30:37 5372 [Note] InnoDB: from the doublewrite buffer...
2018-03-26 23:30:38 5372 [Note] InnoDB: 128 rollback segment(s) are active.
2018-03-26 23:30:38 5372 [Note] InnoDB: Waiting for purge to start
2018-03-26 23:30:38 5372 [Note] InnoDB: 5.6.38 started; log sequence number 78481693
2018-03-26 23:30:38 5372 [Note] Server hostname (bind-address): '*'; port: 33067
2018-03-26 23:30:38 5372 [Note] IPv6 is available.
2018-03-26 23:30:38 5372 [Note]   - '::' resolves to '::';
2018-03-26 23:30:38 5372 [Note] Server socket created on IP: '::'.
2018-03-26 23:30:39 5372 [Note] Event Scheduler: Loaded 0 events
2018-03-26 23:30:39 5372 [Note] C:\Program Files (x86)\DevDesktop\mysql\bin\mysqld.exe: ready for connections.
Version: '5.6.38-log'  socket: ''  port: 33067  MySQL Community Server (GPL)
2018-03-26 23:34:34 5372 [Note] C:\Program Files (x86)\DevDesktop\mysql\bin\mysqld.exe: Normal shutdown

2018-03-26 23:34:34 5372 [Note] Giving 0 client threads a chance to die gracefully
2018-03-26 23:34:34 5372 [Note] Event Scheduler: Purging the queue. 0 events
2018-03-26 23:34:34 5372 [Note] Shutting down slave threads
2018-03-26 23:34:34 5372 [Note] Forcefully disconnecting 0 remaining clients
2018-03-26 23:34:34 5372 [Note] Binlog end
2018-03-26 23:34:35 5372 [Note] Shutting down plugin 'partition'
2018-03-26 23:34:35 5372 [Note] Shutting down plugin 'PERFORMANCE_SCHEMA'
2018-03-26 23:34:35 5372 [Note] Shutting down plugin 'INNODB_SYS_DATAFILES'
2018-03-26 23:34:35 5372 [Note] Shutting down plugin 'INNODB_SYS_TABLESPACES'
2018-03-26 23:34:35 5372 [Note] Shutting down plugin 'INNODB_SYS_FOREIGN_COLS'
2018-03-26 23:34:35 5372 [Note] Shutting down plugin 'INNODB_SYS_FOREIGN'
2018-03-26 23:34:35 5372 [Note] Shutting down plugin 'INNODB_SYS_FIELDS'
2018-03-26 23:34:35 5372 [Note] Shutting down plugin 'INNODB_SYS_COLUMNS'
2018-03-26 23:34:35 5372 [Note] Shutting down plugin 'INNODB_SYS_INDEXES'
2018-03-26 23:34:35 5372 [Note] Shutting down plugin 'INNODB_SYS_TABLESTATS'
2018-03-26 23:34:35 5372 [Note] Shutting down plugin 'INNODB_SYS_TABLES'
2018-03-26 23:34:35 5372 [Note] Shutting down plugin 'INNODB_FT_INDEX_TABLE'
2018-03-26 23:34:35 5372 [Note] Shutting down plugin 'INNODB_FT_INDEX_CACHE'
2018-03-26 23:34:35 5372 [Note] Shutting down plugin 'INNODB_FT_CONFIG'
2018-03-26 23:34:35 5372 [Note] Shutting down plugin 'INNODB_FT_BEING_DELETED'
2018-03-26 23:34:35 5372 [Note] Shutting down plugin 'INNODB_FT_DELETED'
2018-03-26 23:34:35 5372 [Note] Shutting down plugin 'INNODB_FT_DEFAULT_STOPWORD'
2018-03-26 23:34:35 5372 [Note] Shutting down plugin 'INNODB_METRICS'
2018-03-26 23:34:35 5372 [Note] Shutting down plugin 'INNODB_BUFFER_POOL_STATS'
2018-03-26 23:34:35 5372 [Note] Shutting down plugin 'INNODB_BUFFER_PAGE_LRU'
2018-03-26 23:34:35 5372 [Note] Shutting down plugin 'INNODB_BUFFER_PAGE'
2018-03-26 23:34:35 5372 [Note] Shutting down plugin 'INNODB_CMP_PER_INDEX_RESET'
2018-03-26 23:34:35 5372 [Note] Shutting down plugin 'INNODB_CMP_PER_INDEX'
2018-03-26 23:34:35 5372 [Note] Shutting down plugin 'INNODB_CMPMEM_RESET'
2018-03-26 23:34:35 5372 [Note] Shutting down plugin 'INNODB_CMPMEM'
2018-03-26 23:34:35 5372 [Note] Shutting down plugin 'INNODB_CMP_RESET'
2018-03-26 23:34:35 5372 [Note] Shutting down plugin 'INNODB_CMP'
2018-03-26 23:34:35 5372 [Note] Shutting down plugin 'INNODB_LOCK_WAITS'
2018-03-26 23:34:35 5372 [Note] Shutting down plugin 'INNODB_LOCKS'
2018-03-26 23:34:35 5372 [Note] Shutting down plugin 'INNODB_TRX'
2018-03-26 23:34:35 5372 [Note] Shutting down plugin 'InnoDB'
2018-03-26 23:34:35 5372 [Note] InnoDB: FTS optimize thread exiting.
2018-03-26 23:34:35 5372 [Note] InnoDB: Starting shutdown...
2018-03-26 23:34:36 5372 [Note] InnoDB: Shutdown completed; log sequence number 78733174
2018-03-26 23:34:36 5372 [Note] Shutting down plugin 'BLACKHOLE'
2018-03-26 23:34:36 5372 [Note] Shutting down plugin 'ARCHIVE'
2018-03-26 23:34:36 5372 [Note] Shutting down plugin 'MRG_MYISAM'
2018-03-26 23:34:36 5372 [Note] Shutting down plugin 'MyISAM'
2018-03-26 23:34:36 5372 [Note] Shutting down plugin 'MEMORY'
2018-03-26 23:34:36 5372 [Note] Shutting down plugin 'CSV'
2018-03-26 23:34:36 5372 [Note] Shutting down plugin 'sha256_password'
2018-03-26 23:34:36 5372 [Note] Shutting down plugin 'mysql_old_password'
2018-03-26 23:34:36 5372 [Note] Shutting down plugin 'mysql_native_password'
2018-03-26 23:34:36 5372 [Note] Shutting down plugin 'binlog'
2018-03-26 23:34:36 5372 [Note] C:\Program Files (x86)\DevDesktop\mysql\bin\mysqld.exe: Shutdown complete

2018-04-01 21:47:34 7368 [Note] Plugin 'FEDERATED' is disabled.
2018-04-01 21:47:34 7368 [Note] InnoDB: Using atomics to ref count buffer pool pages
2018-04-01 21:47:34 7368 [Note] InnoDB: The InnoDB memory heap is disabled
2018-04-01 21:47:34 7368 [Note] InnoDB: Mutexes and rw_locks use Windows interlocked functions
2018-04-01 21:47:34 7368 [Note] InnoDB: Memory barrier is not used
2018-04-01 21:47:34 7368 [Note] InnoDB: Compressed tables use zlib 1.2.3
2018-04-01 21:47:34 7368 [Note] InnoDB: Not using CPU crc32 instructions
2018-04-01 21:47:34 7368 [Note] InnoDB: Initializing buffer pool, size = 512.0M
2018-04-01 21:47:34 7368 [Note] InnoDB: Completed initialization of buffer pool
2018-04-01 21:47:34 7368 [Note] InnoDB: Highest supported file format is Barracuda.
2018-04-01 21:47:38 7368 [Note] InnoDB: 128 rollback segment(s) are active.
2018-04-01 21:47:38 7368 [Note] InnoDB: Waiting for purge to start
2018-04-01 21:47:38 7368 [Note] InnoDB: 5.6.38 started; log sequence number 78733174
2018-04-01 21:47:39 7368 [Note] Server hostname (bind-address): '*'; port: 33067
2018-04-01 21:47:39 7368 [Note] IPv6 is available.
2018-04-01 21:47:39 7368 [Note]   - '::' resolves to '::';
2018-04-01 21:47:39 7368 [Note] Server socket created on IP: '::'.
2018-04-01 21:47:41 7368 [Note] Event Scheduler: Loaded 0 events
2018-04-01 21:47:41 7368 [Note] C:\Program Files (x86)\DevDesktop\mysql\bin\mysqld.exe: ready for connections.
Version: '5.6.38-log'  socket: ''  port: 33067  MySQL Community Server (GPL)
2018-04-01 21:51:30 7368 [Note] C:\Program Files (x86)\DevDesktop\mysql\bin\mysqld.exe: Normal shutdown

2018-04-01 21:51:30 7368 [Note] Giving 0 client threads a chance to die gracefully
2018-04-01 21:51:30 7368 [Note] Event Scheduler: Purging the queue. 0 events
2018-04-01 21:51:30 7368 [Note] Shutting down slave threads
2018-04-01 21:51:30 7368 [Note] Forcefully disconnecting 0 remaining clients
2018-04-01 21:51:30 7368 [Note] Binlog end
2018-04-01 21:51:30 7368 [Note] Shutting down plugin 'partition'
2018-04-01 21:51:30 7368 [Note] Shutting down plugin 'PERFORMANCE_SCHEMA'
2018-04-01 21:51:30 7368 [Note] Shutting down plugin 'INNODB_SYS_DATAFILES'
2018-04-01 21:51:30 7368 [Note] Shutting down plugin 'INNODB_SYS_TABLESPACES'
2018-04-01 21:51:30 7368 [Note] Shutting down plugin 'INNODB_SYS_FOREIGN_COLS'
2018-04-01 21:51:30 7368 [Note] Shutting down plugin 'INNODB_SYS_FOREIGN'
2018-04-01 21:51:30 7368 [Note] Shutting down plugin 'INNODB_SYS_FIELDS'
2018-04-01 21:51:30 7368 [Note] Shutting down plugin 'INNODB_SYS_COLUMNS'
2018-04-01 21:51:30 7368 [Note] Shutting down plugin 'INNODB_SYS_INDEXES'
2018-04-01 21:51:30 7368 [Note] Shutting down plugin 'INNODB_SYS_TABLESTATS'
2018-04-01 21:51:30 7368 [Note] Shutting down plugin 'INNODB_SYS_TABLES'
2018-04-01 21:51:30 7368 [Note] Shutting down plugin 'INNODB_FT_INDEX_TABLE'
2018-04-01 21:51:30 7368 [Note] Shutting down plugin 'INNODB_FT_INDEX_CACHE'
2018-04-01 21:51:30 7368 [Note] Shutting down plugin 'INNODB_FT_CONFIG'
2018-04-01 21:51:30 7368 [Note] Shutting down plugin 'INNODB_FT_BEING_DELETED'
2018-04-01 21:51:30 7368 [Note] Shutting down plugin 'INNODB_FT_DELETED'
2018-04-01 21:51:30 7368 [Note] Shutting down plugin 'INNODB_FT_DEFAULT_STOPWORD'
2018-04-01 21:51:30 7368 [Note] Shutting down plugin 'INNODB_METRICS'
2018-04-01 21:51:30 7368 [Note] Shutting down plugin 'INNODB_BUFFER_POOL_STATS'
2018-04-01 21:51:30 7368 [Note] Shutting down plugin 'INNODB_BUFFER_PAGE_LRU'
2018-04-01 21:51:30 7368 [Note] Shutting down plugin 'INNODB_BUFFER_PAGE'
2018-04-01 21:51:30 7368 [Note] Shutting down plugin 'INNODB_CMP_PER_INDEX_RESET'
2018-04-01 21:51:30 7368 [Note] Shutting down plugin 'INNODB_CMP_PER_INDEX'
2018-04-01 21:51:30 7368 [Note] Shutting down plugin 'INNODB_CMPMEM_RESET'
2018-04-01 21:51:30 7368 [Note] Shutting down plugin 'INNODB_CMPMEM'
2018-04-01 21:51:30 7368 [Note] Shutting down plugin 'INNODB_CMP_RESET'
2018-04-01 21:51:30 7368 [Note] Shutting down plugin 'INNODB_CMP'
2018-04-01 21:51:30 7368 [Note] Shutting down plugin 'INNODB_LOCK_WAITS'
2018-04-01 21:51:30 7368 [Note] Shutting down plugin 'INNODB_LOCKS'
2018-04-01 21:51:30 7368 [Note] Shutting down plugin 'INNODB_TRX'
2018-04-01 21:51:30 7368 [Note] Shutting down plugin 'InnoDB'
2018-04-01 21:51:30 7368 [Note] InnoDB: FTS optimize thread exiting.
2018-04-01 21:51:30 7368 [Note] InnoDB: Starting shutdown...
2018-04-01 21:51:31 7368 [Note] InnoDB: Shutdown completed; log sequence number 78733184
2018-04-01 21:51:31 7368 [Note] Shutting down plugin 'BLACKHOLE'
2018-04-01 21:51:31 7368 [Note] Shutting down plugin 'ARCHIVE'
2018-04-01 21:51:31 7368 [Note] Shutting down plugin 'MRG_MYISAM'
2018-04-01 21:51:31 7368 [Note] Shutting down plugin 'MyISAM'
2018-04-01 21:51:31 7368 [Note] Shutting down plugin 'MEMORY'
2018-04-01 21:51:31 7368 [Note] Shutting down plugin 'CSV'
2018-04-01 21:51:31 7368 [Note] Shutting down plugin 'sha256_password'
2018-04-01 21:51:31 7368 [Note] Shutting down plugin 'mysql_old_password'
2018-04-01 21:51:31 7368 [Note] Shutting down plugin 'mysql_native_password'
2018-04-01 21:51:31 7368 [Note] Shutting down plugin 'binlog'
2018-04-01 21:51:31 7368 [Note] C:\Program Files (x86)\DevDesktop\mysql\bin\mysqld.exe: Shutdown complete

2018-04-01 22:01:28 7480 [Note] Plugin 'FEDERATED' is disabled.
2018-04-01 22:01:28 7480 [Note] InnoDB: Using atomics to ref count buffer pool pages
2018-04-01 22:01:28 7480 [Note] InnoDB: The InnoDB memory heap is disabled
2018-04-01 22:01:28 7480 [Note] InnoDB: Mutexes and rw_locks use Windows interlocked functions
2018-04-01 22:01:28 7480 [Note] InnoDB: Memory barrier is not used
2018-04-01 22:01:28 7480 [Note] InnoDB: Compressed tables use zlib 1.2.3
2018-04-01 22:01:28 7480 [Note] InnoDB: Not using CPU crc32 instructions
2018-04-01 22:01:28 7480 [Note] InnoDB: Initializing buffer pool, size = 512.0M
2018-04-01 22:01:28 7480 [Note] InnoDB: Completed initialization of buffer pool
2018-04-01 22:01:28 7480 [Note] InnoDB: Highest supported file format is Barracuda.
2018-04-01 22:01:30 7480 [Note] InnoDB: 128 rollback segment(s) are active.
2018-04-01 22:01:30 7480 [Note] InnoDB: Waiting for purge to start
2018-04-01 22:01:30 7480 [Note] InnoDB: 5.6.38 started; log sequence number 78733184
2018-04-01 22:01:30 7480 [Note] Server hostname (bind-address): '*'; port: 33067
2018-04-01 22:01:30 7480 [Note] IPv6 is available.
2018-04-01 22:01:30 7480 [Note]   - '::' resolves to '::';
2018-04-01 22:01:30 7480 [Note] Server socket created on IP: '::'.
2018-04-01 22:01:30 7480 [Note] Event Scheduler: Loaded 0 events
2018-04-01 22:01:30 7480 [Note] C:\Program Files (x86)\DevDesktop\mysql\bin\mysqld.exe: ready for connections.
Version: '5.6.38-log'  socket: ''  port: 33067  MySQL Community Server (GPL)
2018-04-01 23:49:53 7480 [Note] C:\Program Files (x86)\DevDesktop\mysql\bin\mysqld.exe: Normal shutdown

2018-04-01 23:49:53 7480 [Note] Giving 0 client threads a chance to die gracefully
2018-04-01 23:49:53 7480 [Note] Event Scheduler: Purging the queue. 0 events
2018-04-01 23:49:53 7480 [Note] Shutting down slave threads
2018-04-01 23:49:53 7480 [Note] Forcefully disconnecting 0 remaining clients
2018-04-01 23:49:53 7480 [Note] Binlog end
2018-04-01 23:49:53 7480 [Note] Shutting down plugin 'partition'
2018-04-01 23:49:53 7480 [Note] Shutting down plugin 'PERFORMANCE_SCHEMA'
2018-04-01 23:49:53 7480 [Note] Shutting down plugin 'INNODB_SYS_DATAFILES'
2018-04-01 23:49:53 7480 [Note] Shutting down plugin 'INNODB_SYS_TABLESPACES'
2018-04-01 23:49:53 7480 [Note] Shutting down plugin 'INNODB_SYS_FOREIGN_COLS'
2018-04-01 23:49:53 7480 [Note] Shutting down plugin 'INNODB_SYS_FOREIGN'
2018-04-01 23:49:53 7480 [Note] Shutting down plugin 'INNODB_SYS_FIELDS'
2018-04-01 23:49:53 7480 [Note] Shutting down plugin 'INNODB_SYS_COLUMNS'
2018-04-01 23:49:53 7480 [Note] Shutting down plugin 'INNODB_SYS_INDEXES'
2018-04-01 23:49:53 7480 [Note] Shutting down plugin 'INNODB_SYS_TABLESTATS'
2018-04-01 23:49:53 7480 [Note] Shutting down plugin 'INNODB_SYS_TABLES'
2018-04-01 23:49:53 7480 [Note] Shutting down plugin 'INNODB_FT_INDEX_TABLE'
2018-04-01 23:49:53 7480 [Note] Shutting down plugin 'INNODB_FT_INDEX_CACHE'
2018-04-01 23:49:53 7480 [Note] Shutting down plugin 'INNODB_FT_CONFIG'
2018-04-01 23:49:53 7480 [Note] Shutting down plugin 'INNODB_FT_BEING_DELETED'
2018-04-01 23:49:53 7480 [Note] Shutting down plugin 'INNODB_FT_DELETED'
2018-04-01 23:49:53 7480 [Note] Shutting down plugin 'INNODB_FT_DEFAULT_STOPWORD'
2018-04-01 23:49:53 7480 [Note] Shutting down plugin 'INNODB_METRICS'
2018-04-01 23:49:53 7480 [Note] Shutting down plugin 'INNODB_BUFFER_POOL_STATS'
2018-04-01 23:49:53 7480 [Note] Shutting down plugin 'INNODB_BUFFER_PAGE_LRU'
2018-04-01 23:49:53 7480 [Note] Shutting down plugin 'INNODB_BUFFER_PAGE'
2018-04-01 23:49:53 7480 [Note] Shutting down plugin 'INNODB_CMP_PER_INDEX_RESET'
2018-04-01 23:49:53 7480 [Note] Shutting down plugin 'INNODB_CMP_PER_INDEX'
2018-04-01 23:49:53 7480 [Note] Shutting down plugin 'INNODB_CMPMEM_RESET'
2018-04-01 23:49:53 7480 [Note] Shutting down plugin 'INNODB_CMPMEM'
2018-04-01 23:49:53 7480 [Note] Shutting down plugin 'INNODB_CMP_RESET'
2018-04-01 23:49:53 7480 [Note] Shutting down plugin 'INNODB_CMP'
2018-04-01 23:49:53 7480 [Note] Shutting down plugin 'INNODB_LOCK_WAITS'
2018-04-01 23:49:53 7480 [Note] Shutting down plugin 'INNODB_LOCKS'
2018-04-01 23:49:53 7480 [Note] Shutting down plugin 'INNODB_TRX'
2018-04-01 23:49:53 7480 [Note] Shutting down plugin 'InnoDB'
2018-04-01 23:49:53 7480 [Note] InnoDB: FTS optimize thread exiting.
2018-04-01 23:49:53 7480 [Note] InnoDB: Starting shutdown...
2018-04-01 23:49:57 7480 [Note] InnoDB: Shutdown completed; log sequence number 160111528
2018-04-01 23:49:57 7480 [Note] Shutting down plugin 'BLACKHOLE'
2018-04-01 23:49:57 7480 [Note] Shutting down plugin 'ARCHIVE'
2018-04-01 23:49:57 7480 [Note] Shutting down plugin 'MRG_MYISAM'
2018-04-01 23:49:57 7480 [Note] Shutting down plugin 'MyISAM'
2018-04-01 23:49:57 7480 [Note] Shutting down plugin 'MEMORY'
2018-04-01 23:49:57 7480 [Note] Shutting down plugin 'CSV'
2018-04-01 23:49:57 7480 [Note] Shutting down plugin 'sha256_password'
2018-04-01 23:49:57 7480 [Note] Shutting down plugin 'mysql_old_password'
2018-04-01 23:49:57 7480 [Note] Shutting down plugin 'mysql_native_password'
2018-04-01 23:49:57 7480 [Note] Shutting down plugin 'binlog'
2018-04-01 23:49:57 7480 [Note] C:\Program Files (x86)\DevDesktop\mysql\bin\mysqld.exe: Shutdown complete

2018-04-02 00:20:01 2616 [Note] Plugin 'FEDERATED' is disabled.
2018-04-02 00:20:05 2616 [Note] InnoDB: Using atomics to ref count buffer pool pages
2018-04-02 00:20:05 2616 [Note] InnoDB: The InnoDB memory heap is disabled
2018-04-02 00:20:05 2616 [Note] InnoDB: Mutexes and rw_locks use Windows interlocked functions
2018-04-02 00:20:05 2616 [Note] InnoDB: Memory barrier is not used
2018-04-02 00:20:05 2616 [Note] InnoDB: Compressed tables use zlib 1.2.3
2018-04-02 00:20:06 2616 [Note] InnoDB: Not using CPU crc32 instructions
2018-04-02 00:20:06 2616 [Note] InnoDB: Initializing buffer pool, size = 512.0M
2018-04-02 00:20:06 2616 [Note] InnoDB: Completed initialization of buffer pool
2018-04-02 00:20:07 2616 [Note] InnoDB: Highest supported file format is Barracuda.
2018-04-02 00:20:15 2616 [Note] InnoDB: 128 rollback segment(s) are active.
2018-04-02 00:20:15 2616 [Note] InnoDB: Waiting for purge to start
2018-04-02 00:20:15 2616 [Note] InnoDB: 5.6.38 started; log sequence number 160111528
2018-04-02 00:20:15 2616 [Note] Server hostname (bind-address): '*'; port: 33067
2018-04-02 00:20:15 2616 [Note] IPv6 is available.
2018-04-02 00:20:15 2616 [Note]   - '::' resolves to '::';
2018-04-02 00:20:15 2616 [Note] Server socket created on IP: '::'.
2018-04-02 00:20:18 2616 [Note] Event Scheduler: Loaded 0 events
2018-04-02 00:20:18 2616 [Note] C:\Program Files (x86)\DevDesktop\mysql\bin\mysqld.exe: ready for connections.
Version: '5.6.38-log'  socket: ''  port: 33067  MySQL Community Server (GPL)
2018-04-02 00:32:27 2616 [Note] C:\Program Files (x86)\DevDesktop\mysql\bin\mysqld.exe: Normal shutdown

2018-04-02 00:32:27 2616 [Note] Giving 0 client threads a chance to die gracefully
2018-04-02 00:32:27 2616 [Note] Event Scheduler: Purging the queue. 0 events
2018-04-02 00:32:27 2616 [Note] Shutting down slave threads
2018-04-02 00:32:27 2616 [Note] Forcefully disconnecting 0 remaining clients
2018-04-02 00:32:27 2616 [Note] Binlog end
2018-04-02 00:32:27 2616 [Note] Shutting down plugin 'partition'
2018-04-02 00:32:27 2616 [Note] Shutting down plugin 'PERFORMANCE_SCHEMA'
2018-04-02 00:32:27 2616 [Note] Shutting down plugin 'INNODB_SYS_DATAFILES'
2018-04-02 00:32:27 2616 [Note] Shutting down plugin 'INNODB_SYS_TABLESPACES'
2018-04-02 00:32:27 2616 [Note] Shutting down plugin 'INNODB_SYS_FOREIGN_COLS'
2018-04-02 00:32:27 2616 [Note] Shutting down plugin 'INNODB_SYS_FOREIGN'
2018-04-02 00:32:27 2616 [Note] Shutting down plugin 'INNODB_SYS_FIELDS'
2018-04-02 00:32:27 2616 [Note] Shutting down plugin 'INNODB_SYS_COLUMNS'
2018-04-02 00:32:27 2616 [Note] Shutting down plugin 'INNODB_SYS_INDEXES'
2018-04-02 00:32:27 2616 [Note] Shutting down plugin 'INNODB_SYS_TABLESTATS'
2018-04-02 00:32:27 2616 [Note] Shutting down plugin 'INNODB_SYS_TABLES'
2018-04-02 00:32:27 2616 [Note] Shutting down plugin 'INNODB_FT_INDEX_TABLE'
2018-04-02 00:32:27 2616 [Note] Shutting down plugin 'INNODB_FT_INDEX_CACHE'
2018-04-02 00:32:27 2616 [Note] Shutting down plugin 'INNODB_FT_CONFIG'
2018-04-02 00:32:27 2616 [Note] Shutting down plugin 'INNODB_FT_BEING_DELETED'
2018-04-02 00:32:27 2616 [Note] Shutting down plugin 'INNODB_FT_DELETED'
2018-04-02 00:32:27 2616 [Note] Shutting down plugin 'INNODB_FT_DEFAULT_STOPWORD'
2018-04-02 00:32:27 2616 [Note] Shutting down plugin 'INNODB_METRICS'
2018-04-02 00:32:27 2616 [Note] Shutting down plugin 'INNODB_BUFFER_POOL_STATS'
2018-04-02 00:32:27 2616 [Note] Shutting down plugin 'INNODB_BUFFER_PAGE_LRU'
2018-04-02 00:32:27 2616 [Note] Shutting down plugin 'INNODB_BUFFER_PAGE'
2018-04-02 00:32:27 2616 [Note] Shutting down plugin 'INNODB_CMP_PER_INDEX_RESET'
2018-04-02 00:32:27 2616 [Note] Shutting down plugin 'INNODB_CMP_PER_INDEX'
2018-04-02 00:32:27 2616 [Note] Shutting down plugin 'INNODB_CMPMEM_RESET'
2018-04-02 00:32:27 2616 [Note] Shutting down plugin 'INNODB_CMPMEM'
2018-04-02 00:32:27 2616 [Note] Shutting down plugin 'INNODB_CMP_RESET'
2018-04-02 00:32:27 2616 [Note] Shutting down plugin 'INNODB_CMP'
2018-04-02 00:32:27 2616 [Note] Shutting down plugin 'INNODB_LOCK_WAITS'
2018-04-02 00:32:27 2616 [Note] Shutting down plugin 'INNODB_LOCKS'
2018-04-02 00:32:27 2616 [Note] Shutting down plugin 'INNODB_TRX'
2018-04-02 00:32:27 2616 [Note] Shutting down plugin 'InnoDB'
2018-04-02 00:32:27 2616 [Note] InnoDB: FTS optimize thread exiting.
2018-04-02 00:32:27 2616 [Note] InnoDB: Starting shutdown...
2018-04-02 00:32:28 2616 [Note] InnoDB: Shutdown completed; log sequence number 160111538
2018-04-02 00:32:28 2616 [Note] Shutting down plugin 'BLACKHOLE'
2018-04-02 00:32:28 2616 [Note] Shutting down plugin 'ARCHIVE'
2018-04-02 00:32:28 2616 [Note] Shutting down plugin 'MRG_MYISAM'
2018-04-02 00:32:28 2616 [Note] Shutting down plugin 'MyISAM'
2018-04-02 00:32:28 2616 [Note] Shutting down plugin 'MEMORY'
2018-04-02 00:32:28 2616 [Note] Shutting down plugin 'CSV'
2018-04-02 00:32:28 2616 [Note] Shutting down plugin 'sha256_password'
2018-04-02 00:32:28 2616 [Note] Shutting down plugin 'mysql_old_password'
2018-04-02 00:32:28 2616 [Note] Shutting down plugin 'mysql_native_password'
2018-04-02 00:32:28 2616 [Note] Shutting down plugin 'binlog'
2018-04-02 00:32:28 2616 [Note] C:\Program Files (x86)\DevDesktop\mysql\bin\mysqld.exe: Shutdown complete

2018-04-02 07:13:41 4544 [Note] Plugin 'FEDERATED' is disabled.
2018-04-02 07:13:42 4544 [Note] InnoDB: Using atomics to ref count buffer pool pages
2018-04-02 07:13:42 4544 [Note] InnoDB: The InnoDB memory heap is disabled
2018-04-02 07:13:42 4544 [Note] InnoDB: Mutexes and rw_locks use Windows interlocked functions
2018-04-02 07:13:42 4544 [Note] InnoDB: Memory barrier is not used
2018-04-02 07:13:42 4544 [Note] InnoDB: Compressed tables use zlib 1.2.3
2018-04-02 07:13:42 4544 [Note] InnoDB: Not using CPU crc32 instructions
2018-04-02 07:13:42 4544 [Note] InnoDB: Initializing buffer pool, size = 512.0M
2018-04-02 07:13:42 4544 [Note] InnoDB: Completed initialization of buffer pool
2018-04-02 07:13:42 4544 [Note] InnoDB: Highest supported file format is Barracuda.
2018-04-02 07:13:50 4544 [Note] InnoDB: 128 rollback segment(s) are active.
2018-04-02 07:13:50 4544 [Note] InnoDB: Waiting for purge to start
2018-04-02 07:13:50 4544 [Note] InnoDB: 5.6.38 started; log sequence number 160111538
2018-04-02 07:13:50 4544 [Note] Server hostname (bind-address): '*'; port: 33067
2018-04-02 07:13:50 4544 [Note] IPv6 is available.
2018-04-02 07:13:50 4544 [Note]   - '::' resolves to '::';
2018-04-02 07:13:50 4544 [Note] Server socket created on IP: '::'.
2018-04-02 07:13:52 4544 [Note] Event Scheduler: Loaded 0 events
2018-04-02 07:13:52 4544 [Note] C:\Program Files (x86)\DevDesktop\mysql\bin\mysqld.exe: ready for connections.
Version: '5.6.38-log'  socket: ''  port: 33067  MySQL Community Server (GPL)
2018-04-02 09:22:52 4544 [Note] C:\Program Files (x86)\DevDesktop\mysql\bin\mysqld.exe: Normal shutdown

2018-04-02 09:22:52 4544 [Note] Giving 0 client threads a chance to die gracefully
2018-04-02 09:22:52 4544 [Note] Event Scheduler: Purging the queue. 0 events
2018-04-02 09:22:52 4544 [Note] Shutting down slave threads
2018-04-02 09:22:52 4544 [Note] Forcefully disconnecting 0 remaining clients
2018-04-02 09:22:52 4544 [Note] Binlog end
2018-04-02 09:22:52 4544 [Note] Shutting down plugin 'partition'
2018-04-02 09:22:52 4544 [Note] Shutting down plugin 'PERFORMANCE_SCHEMA'
2018-04-02 09:22:52 4544 [Note] Shutting down plugin 'INNODB_SYS_DATAFILES'
2018-04-02 09:22:52 4544 [Note] Shutting down plugin 'INNODB_SYS_TABLESPACES'
2018-04-02 09:22:52 4544 [Note] Shutting down plugin 'INNODB_SYS_FOREIGN_COLS'
2018-04-02 09:22:52 4544 [Note] Shutting down plugin 'INNODB_SYS_FOREIGN'
2018-04-02 09:22:52 4544 [Note] Shutting down plugin 'INNODB_SYS_FIELDS'
2018-04-02 09:22:52 4544 [Note] Shutting down plugin 'INNODB_SYS_COLUMNS'
2018-04-02 09:22:52 4544 [Note] Shutting down plugin 'INNODB_SYS_INDEXES'
2018-04-02 09:22:52 4544 [Note] Shutting down plugin 'INNODB_SYS_TABLESTATS'
2018-04-02 09:22:52 4544 [Note] Shutting down plugin 'INNODB_SYS_TABLES'
2018-04-02 09:22:52 4544 [Note] Shutting down plugin 'INNODB_FT_INDEX_TABLE'
2018-04-02 09:22:52 4544 [Note] Shutting down plugin 'INNODB_FT_INDEX_CACHE'
2018-04-02 09:22:52 4544 [Note] Shutting down plugin 'INNODB_FT_CONFIG'
2018-04-02 09:22:52 4544 [Note] Shutting down plugin 'INNODB_FT_BEING_DELETED'
2018-04-02 09:22:52 4544 [Note] Shutting down plugin 'INNODB_FT_DELETED'
2018-04-02 09:22:52 4544 [Note] Shutting down plugin 'INNODB_FT_DEFAULT_STOPWORD'
2018-04-02 09:22:52 4544 [Note] Shutting down plugin 'INNODB_METRICS'
2018-04-02 09:22:52 4544 [Note] Shutting down plugin 'INNODB_BUFFER_POOL_STATS'
2018-04-02 09:22:52 4544 [Note] Shutting down plugin 'INNODB_BUFFER_PAGE_LRU'
2018-04-02 09:22:52 4544 [Note] Shutting down plugin 'INNODB_BUFFER_PAGE'
2018-04-02 09:22:52 4544 [Note] Shutting down plugin 'INNODB_CMP_PER_INDEX_RESET'
2018-04-02 09:22:52 4544 [Note] Shutting down plugin 'INNODB_CMP_PER_INDEX'
2018-04-02 09:22:52 4544 [Note] Shutting down plugin 'INNODB_CMPMEM_RESET'
2018-04-02 09:22:52 4544 [Note] Shutting down plugin 'INNODB_CMPMEM'
2018-04-02 09:22:52 4544 [Note] Shutting down plugin 'INNODB_CMP_RESET'
2018-04-02 09:22:52 4544 [Note] Shutting down plugin 'INNODB_CMP'
2018-04-02 09:22:52 4544 [Note] Shutting down plugin 'INNODB_LOCK_WAITS'
2018-04-02 09:22:52 4544 [Note] Shutting down plugin 'INNODB_LOCKS'
2018-04-02 09:22:52 4544 [Note] Shutting down plugin 'INNODB_TRX'
2018-04-02 09:22:52 4544 [Note] Shutting down plugin 'InnoDB'
2018-04-02 09:22:52 4544 [Note] InnoDB: FTS optimize thread exiting.
2018-04-02 09:22:52 4544 [Note] InnoDB: Starting shutdown...
2018-04-02 09:22:55 4544 [Note] InnoDB: Shutdown completed; log sequence number 163986609
2018-04-02 09:22:55 4544 [Note] Shutting down plugin 'BLACKHOLE'
2018-04-02 09:22:55 4544 [Note] Shutting down plugin 'ARCHIVE'
2018-04-02 09:22:55 4544 [Note] Shutting down plugin 'MRG_MYISAM'
2018-04-02 09:22:55 4544 [Note] Shutting down plugin 'MyISAM'
2018-04-02 09:22:55 4544 [Note] Shutting down plugin 'MEMORY'
2018-04-02 09:22:55 4544 [Note] Shutting down plugin 'CSV'
2018-04-02 09:22:55 4544 [Note] Shutting down plugin 'sha256_password'
2018-04-02 09:22:55 4544 [Note] Shutting down plugin 'mysql_old_password'
2018-04-02 09:22:55 4544 [Note] Shutting down plugin 'mysql_native_password'
2018-04-02 09:22:55 4544 [Note] Shutting down plugin 'binlog'
2018-04-02 09:22:55 4544 [Note] C:\Program Files (x86)\DevDesktop\mysql\bin\mysqld.exe: Shutdown complete

2018-04-02 15:53:12 3204 [Note] Plugin 'FEDERATED' is disabled.
2018-04-02 15:53:13 3204 [Note] InnoDB: Using atomics to ref count buffer pool pages
2018-04-02 15:53:13 3204 [Note] InnoDB: The InnoDB memory heap is disabled
2018-04-02 15:53:13 3204 [Note] InnoDB: Mutexes and rw_locks use Windows interlocked functions
2018-04-02 15:53:13 3204 [Note] InnoDB: Memory barrier is not used
2018-04-02 15:53:13 3204 [Note] InnoDB: Compressed tables use zlib 1.2.3
2018-04-02 15:53:13 3204 [Note] InnoDB: Not using CPU crc32 instructions
2018-04-02 15:53:13 3204 [Note] InnoDB: Initializing buffer pool, size = 512.0M
2018-04-02 15:53:13 3204 [Note] InnoDB: Completed initialization of buffer pool
2018-04-02 15:53:13 3204 [Note] InnoDB: Highest supported file format is Barracuda.
2018-04-02 15:53:21 3204 [Note] InnoDB: 128 rollback segment(s) are active.
2018-04-02 15:53:21 3204 [Note] InnoDB: Waiting for purge to start
2018-04-02 15:53:21 3204 [Note] InnoDB: 5.6.38 started; log sequence number 163986609
2018-04-02 15:53:21 3204 [Note] Server hostname (bind-address): '*'; port: 33067
2018-04-02 15:53:21 3204 [Note] IPv6 is available.
2018-04-02 15:53:21 3204 [Note]   - '::' resolves to '::';
2018-04-02 15:53:21 3204 [Note] Server socket created on IP: '::'.
2018-04-02 15:53:25 3204 [Note] Event Scheduler: Loaded 0 events
2018-04-02 15:53:25 3204 [Note] C:\Program Files (x86)\DevDesktop\mysql\bin\mysqld.exe: ready for connections.
Version: '5.6.38-log'  socket: ''  port: 33067  MySQL Community Server (GPL)
2018-04-02 16:43:06 3204 [Note] C:\Program Files (x86)\DevDesktop\mysql\bin\mysqld.exe: Normal shutdown

2018-04-02 16:43:06 3204 [Note] Giving 0 client threads a chance to die gracefully
2018-04-02 16:43:06 3204 [Note] Event Scheduler: Purging the queue. 0 events
2018-04-02 16:43:06 3204 [Note] Shutting down slave threads
2018-04-02 16:43:06 3204 [Note] Forcefully disconnecting 0 remaining clients
2018-04-02 16:43:06 3204 [Note] Binlog end
2018-04-02 16:43:06 3204 [Note] Shutting down plugin 'partition'
2018-04-02 16:43:06 3204 [Note] Shutting down plugin 'PERFORMANCE_SCHEMA'
2018-04-02 16:43:06 3204 [Note] Shutting down plugin 'INNODB_SYS_DATAFILES'
2018-04-02 16:43:06 3204 [Note] Shutting down plugin 'INNODB_SYS_TABLESPACES'
2018-04-02 16:43:06 3204 [Note] Shutting down plugin 'INNODB_SYS_FOREIGN_COLS'
2018-04-02 16:43:06 3204 [Note] Shutting down plugin 'INNODB_SYS_FOREIGN'
2018-04-02 16:43:06 3204 [Note] Shutting down plugin 'INNODB_SYS_FIELDS'
2018-04-02 16:43:06 3204 [Note] Shutting down plugin 'INNODB_SYS_COLUMNS'
2018-04-02 16:43:06 3204 [Note] Shutting down plugin 'INNODB_SYS_INDEXES'
2018-04-02 16:43:06 3204 [Note] Shutting down plugin 'INNODB_SYS_TABLESTATS'
2018-04-02 16:43:06 3204 [Note] Shutting down plugin 'INNODB_SYS_TABLES'
2018-04-02 16:43:06 3204 [Note] Shutting down plugin 'INNODB_FT_INDEX_TABLE'
2018-04-02 16:43:06 3204 [Note] Shutting down plugin 'INNODB_FT_INDEX_CACHE'
2018-04-02 16:43:06 3204 [Note] Shutting down plugin 'INNODB_FT_CONFIG'
2018-04-02 16:43:06 3204 [Note] Shutting down plugin 'INNODB_FT_BEING_DELETED'
2018-04-02 16:43:06 3204 [Note] Shutting down plugin 'INNODB_FT_DELETED'
2018-04-02 16:43:06 3204 [Note] Shutting down plugin 'INNODB_FT_DEFAULT_STOPWORD'
2018-04-02 16:43:06 3204 [Note] Shutting down plugin 'INNODB_METRICS'
2018-04-02 16:43:06 3204 [Note] Shutting down plugin 'INNODB_BUFFER_POOL_STATS'
2018-04-02 16:43:06 3204 [Note] Shutting down plugin 'INNODB_BUFFER_PAGE_LRU'
2018-04-02 16:43:06 3204 [Note] Shutting down plugin 'INNODB_BUFFER_PAGE'
2018-04-02 16:43:06 3204 [Note] Shutting down plugin 'INNODB_CMP_PER_INDEX_RESET'
2018-04-02 16:43:06 3204 [Note] Shutting down plugin 'INNODB_CMP_PER_INDEX'
2018-04-02 16:43:06 3204 [Note] Shutting down plugin 'INNODB_CMPMEM_RESET'
2018-04-02 16:43:06 3204 [Note] Shutting down plugin 'INNODB_CMPMEM'
2018-04-02 16:43:06 3204 [Note] Shutting down plugin 'INNODB_CMP_RESET'
2018-04-02 16:43:06 3204 [Note] Shutting down plugin 'INNODB_CMP'
2018-04-02 16:43:06 3204 [Note] Shutting down plugin 'INNODB_LOCK_WAITS'
2018-04-02 16:43:06 3204 [Note] Shutting down plugin 'INNODB_LOCKS'
2018-04-02 16:43:06 3204 [Note] Shutting down plugin 'INNODB_TRX'
2018-04-02 16:43:06 3204 [Note] Shutting down plugin 'InnoDB'
2018-04-02 16:43:06 3204 [Note] InnoDB: FTS optimize thread exiting.
2018-04-02 16:43:06 3204 [Note] InnoDB: Starting shutdown...
2018-04-02 16:43:08 3204 [Note] InnoDB: Shutdown completed; log sequence number 166510299
2018-04-02 16:43:08 3204 [Note] Shutting down plugin 'BLACKHOLE'
2018-04-02 16:43:08 3204 [Note] Shutting down plugin 'ARCHIVE'
2018-04-02 16:43:08 3204 [Note] Shutting down plugin 'MRG_MYISAM'
2018-04-02 16:43:08 3204 [Note] Shutting down plugin 'MyISAM'
2018-04-02 16:43:08 3204 [Note] Shutting down plugin 'MEMORY'
2018-04-02 16:43:08 3204 [Note] Shutting down plugin 'CSV'
2018-04-02 16:43:08 3204 [Note] Shutting down plugin 'sha256_password'
2018-04-02 16:43:08 3204 [Note] Shutting down plugin 'mysql_old_password'
2018-04-02 16:43:08 3204 [Note] Shutting down plugin 'mysql_native_password'
2018-04-02 16:43:08 3204 [Note] Shutting down plugin 'binlog'
2018-04-02 16:43:08 3204 [Note] C:\Program Files (x86)\DevDesktop\mysql\bin\mysqld.exe: Shutdown complete

2018-04-02 16:58:45 8336 [Note] Plugin 'FEDERATED' is disabled.
2018-04-02 16:58:46 8336 [Note] InnoDB: Using atomics to ref count buffer pool pages
2018-04-02 16:58:46 8336 [Note] InnoDB: The InnoDB memory heap is disabled
2018-04-02 16:58:46 8336 [Note] InnoDB: Mutexes and rw_locks use Windows interlocked functions
2018-04-02 16:58:46 8336 [Note] InnoDB: Memory barrier is not used
2018-04-02 16:58:46 8336 [Note] InnoDB: Compressed tables use zlib 1.2.3
2018-04-02 16:58:46 8336 [Note] InnoDB: Not using CPU crc32 instructions
2018-04-02 16:58:46 8336 [Note] InnoDB: Initializing buffer pool, size = 512.0M
2018-04-02 16:58:46 8336 [Note] InnoDB: Completed initialization of buffer pool
2018-04-02 16:58:46 8336 [Note] InnoDB: Highest supported file format is Barracuda.
2018-04-02 16:58:50 8336 [Note] InnoDB: 128 rollback segment(s) are active.
2018-04-02 16:58:50 8336 [Note] InnoDB: Waiting for purge to start
2018-04-02 16:58:50 8336 [Note] InnoDB: 5.6.38 started; log sequence number 166510299
2018-04-02 16:58:50 8336 [Note] Server hostname (bind-address): '*'; port: 33067
2018-04-02 16:58:50 8336 [Note] IPv6 is available.
2018-04-02 16:58:50 8336 [Note]   - '::' resolves to '::';
2018-04-02 16:58:50 8336 [Note] Server socket created on IP: '::'.
2018-04-02 16:58:51 8336 [Note] Event Scheduler: Loaded 0 events
2018-04-02 16:58:51 8336 [Note] C:\Program Files (x86)\DevDesktop\mysql\bin\mysqld.exe: ready for connections.
Version: '5.6.38-log'  socket: ''  port: 33067  MySQL Community Server (GPL)
2018-04-02 17:00:05 8336 [Note] C:\Program Files (x86)\DevDesktop\mysql\bin\mysqld.exe: Normal shutdown

2018-04-02 17:00:05 8336 [Note] Giving 0 client threads a chance to die gracefully
2018-04-02 17:00:05 8336 [Note] Event Scheduler: Purging the queue. 0 events
2018-04-02 17:00:05 8336 [Note] Shutting down slave threads
2018-04-02 17:00:05 8336 [Note] Forcefully disconnecting 0 remaining clients
2018-04-02 17:00:05 8336 [Note] Binlog end
2018-04-02 17:00:06 8336 [Note] Shutting down plugin 'partition'
2018-04-02 17:00:06 8336 [Note] Shutting down plugin 'PERFORMANCE_SCHEMA'
2018-04-02 17:00:06 8336 [Note] Shutting down plugin 'INNODB_SYS_DATAFILES'
2018-04-02 17:00:06 8336 [Note] Shutting down plugin 'INNODB_SYS_TABLESPACES'
2018-04-02 17:00:06 8336 [Note] Shutting down plugin 'INNODB_SYS_FOREIGN_COLS'
2018-04-02 17:00:06 8336 [Note] Shutting down plugin 'INNODB_SYS_FOREIGN'
2018-04-02 17:00:06 8336 [Note] Shutting down plugin 'INNODB_SYS_FIELDS'
2018-04-02 17:00:06 8336 [Note] Shutting down plugin 'INNODB_SYS_COLUMNS'
2018-04-02 17:00:06 8336 [Note] Shutting down plugin 'INNODB_SYS_INDEXES'
2018-04-02 17:00:06 8336 [Note] Shutting down plugin 'INNODB_SYS_TABLESTATS'
2018-04-02 17:00:06 8336 [Note] Shutting down plugin 'INNODB_SYS_TABLES'
2018-04-02 17:00:06 8336 [Note] Shutting down plugin 'INNODB_FT_INDEX_TABLE'
2018-04-02 17:00:06 8336 [Note] Shutting down plugin 'INNODB_FT_INDEX_CACHE'
2018-04-02 17:00:06 8336 [Note] Shutting down plugin 'INNODB_FT_CONFIG'
2018-04-02 17:00:06 8336 [Note] Shutting down plugin 'INNODB_FT_BEING_DELETED'
2018-04-02 17:00:06 8336 [Note] Shutting down plugin 'INNODB_FT_DELETED'
2018-04-02 17:00:06 8336 [Note] Shutting down plugin 'INNODB_FT_DEFAULT_STOPWORD'
2018-04-02 17:00:06 8336 [Note] Shutting down plugin 'INNODB_METRICS'
2018-04-02 17:00:06 8336 [Note] Shutting down plugin 'INNODB_BUFFER_POOL_STATS'
2018-04-02 17:00:06 8336 [Note] Shutting down plugin 'INNODB_BUFFER_PAGE_LRU'
2018-04-02 17:00:06 8336 [Note] Shutting down plugin 'INNODB_BUFFER_PAGE'
2018-04-02 17:00:06 8336 [Note] Shutting down plugin 'INNODB_CMP_PER_INDEX_RESET'
2018-04-02 17:00:06 8336 [Note] Shutting down plugin 'INNODB_CMP_PER_INDEX'
2018-04-02 17:00:06 8336 [Note] Shutting down plugin 'INNODB_CMPMEM_RESET'
2018-04-02 17:00:06 8336 [Note] Shutting down plugin 'INNODB_CMPMEM'
2018-04-02 17:00:06 8336 [Note] Shutting down plugin 'INNODB_CMP_RESET'
2018-04-02 17:00:06 8336 [Note] Shutting down plugin 'INNODB_CMP'
2018-04-02 17:00:06 8336 [Note] Shutting down plugin 'INNODB_LOCK_WAITS'
2018-04-02 17:00:06 8336 [Note] Shutting down plugin 'INNODB_LOCKS'
2018-04-02 17:00:06 8336 [Note] Shutting down plugin 'INNODB_TRX'
2018-04-02 17:00:06 8336 [Note] Shutting down plugin 'InnoDB'
2018-04-02 17:00:06 8336 [Note] InnoDB: FTS optimize thread exiting.
2018-04-02 17:00:06 8336 [Note] InnoDB: Starting shutdown...
2018-04-02 17:00:06 8336 [Note] InnoDB: Shutdown completed; log sequence number 167204973
2018-04-02 17:00:06 8336 [Note] Shutting down plugin 'BLACKHOLE'
2018-04-02 17:00:06 8336 [Note] Shutting down plugin 'ARCHIVE'
2018-04-02 17:00:06 8336 [Note] Shutting down plugin 'MRG_MYISAM'
2018-04-02 17:00:06 8336 [Note] Shutting down plugin 'MyISAM'
2018-04-02 17:00:06 8336 [Note] Shutting down plugin 'MEMORY'
2018-04-02 17:00:06 8336 [Note] Shutting down plugin 'CSV'
2018-04-02 17:00:06 8336 [Note] Shutting down plugin 'sha256_password'
2018-04-02 17:00:06 8336 [Note] Shutting down plugin 'mysql_old_password'
2018-04-02 17:00:06 8336 [Note] Shutting down plugin 'mysql_native_password'
2018-04-02 17:00:06 8336 [Note] Shutting down plugin 'binlog'
2018-04-02 17:00:06 8336 [Note] C:\Program Files (x86)\DevDesktop\mysql\bin\mysqld.exe: Shutdown complete

2018-04-02 17:05:02 1808 [Note] Plugin 'FEDERATED' is disabled.
2018-04-02 17:05:02 1808 [Note] InnoDB: Using atomics to ref count buffer pool pages
2018-04-02 17:05:02 1808 [Note] InnoDB: The InnoDB memory heap is disabled
2018-04-02 17:05:02 1808 [Note] InnoDB: Mutexes and rw_locks use Windows interlocked functions
2018-04-02 17:05:02 1808 [Note] InnoDB: Memory barrier is not used
2018-04-02 17:05:02 1808 [Note] InnoDB: Compressed tables use zlib 1.2.3
2018-04-02 17:05:02 1808 [Note] InnoDB: Not using CPU crc32 instructions
2018-04-02 17:05:02 1808 [Note] InnoDB: Initializing buffer pool, size = 512.0M
2018-04-02 17:05:02 1808 [Note] InnoDB: Completed initialization of buffer pool
2018-04-02 17:05:02 1808 [Note] InnoDB: Highest supported file format is Barracuda.
2018-04-02 17:05:03 1808 [Note] InnoDB: 128 rollback segment(s) are active.
2018-04-02 17:05:03 1808 [Note] InnoDB: Waiting for purge to start
2018-04-02 17:05:03 1808 [Note] InnoDB: 5.6.38 started; log sequence number 167204973
2018-04-02 17:05:03 1808 [Note] Server hostname (bind-address): '*'; port: 33067
2018-04-02 17:05:03 1808 [Note] IPv6 is available.
2018-04-02 17:05:03 1808 [Note]   - '::' resolves to '::';
2018-04-02 17:05:03 1808 [Note] Server socket created on IP: '::'.
2018-04-02 17:05:03 1808 [Note] Event Scheduler: Loaded 0 events
2018-04-02 17:05:03 1808 [Note] C:\Program Files (x86)\DevDesktop\mysql\bin\mysqld.exe: ready for connections.
Version: '5.6.38-log'  socket: ''  port: 33067  MySQL Community Server (GPL)
2018-04-02 17:05:10 1808 [Note] C:\Program Files (x86)\DevDesktop\mysql\bin\mysqld.exe: Normal shutdown

2018-04-02 17:05:10 1808 [Note] Giving 0 client threads a chance to die gracefully
2018-04-02 17:05:10 1808 [Note] Event Scheduler: Purging the queue. 0 events
2018-04-02 17:05:10 1808 [Note] Shutting down slave threads
2018-04-02 17:05:10 1808 [Note] Forcefully disconnecting 0 remaining clients
2018-04-02 17:05:10 1808 [Note] Binlog end
2018-04-02 17:05:10 1808 [Note] Shutting down plugin 'partition'
2018-04-02 17:05:10 1808 [Note] Shutting down plugin 'PERFORMANCE_SCHEMA'
2018-04-02 17:05:10 1808 [Note] Shutting down plugin 'INNODB_SYS_DATAFILES'
2018-04-02 17:05:10 1808 [Note] Shutting down plugin 'INNODB_SYS_TABLESPACES'
2018-04-02 17:05:10 1808 [Note] Shutting down plugin 'INNODB_SYS_FOREIGN_COLS'
2018-04-02 17:05:10 1808 [Note] Shutting down plugin 'INNODB_SYS_FOREIGN'
2018-04-02 17:05:10 1808 [Note] Shutting down plugin 'INNODB_SYS_FIELDS'
2018-04-02 17:05:10 1808 [Note] Shutting down plugin 'INNODB_SYS_COLUMNS'
2018-04-02 17:05:10 1808 [Note] Shutting down plugin 'INNODB_SYS_INDEXES'
2018-04-02 17:05:10 1808 [Note] Shutting down plugin 'INNODB_SYS_TABLESTATS'
2018-04-02 17:05:10 1808 [Note] Shutting down plugin 'INNODB_SYS_TABLES'
2018-04-02 17:05:10 1808 [Note] Shutting down plugin 'INNODB_FT_INDEX_TABLE'
2018-04-02 17:05:10 1808 [Note] Shutting down plugin 'INNODB_FT_INDEX_CACHE'
2018-04-02 17:05:10 1808 [Note] Shutting down plugin 'INNODB_FT_CONFIG'
2018-04-02 17:05:10 1808 [Note] Shutting down plugin 'INNODB_FT_BEING_DELETED'
2018-04-02 17:05:10 1808 [Note] Shutting down plugin 'INNODB_FT_DELETED'
2018-04-02 17:05:10 1808 [Note] Shutting down plugin 'INNODB_FT_DEFAULT_STOPWORD'
2018-04-02 17:05:10 1808 [Note] Shutting down plugin 'INNODB_METRICS'
2018-04-02 17:05:10 1808 [Note] Shutting down plugin 'INNODB_BUFFER_POOL_STATS'
2018-04-02 17:05:10 1808 [Note] Shutting down plugin 'INNODB_BUFFER_PAGE_LRU'
2018-04-02 17:05:10 1808 [Note] Shutting down plugin 'INNODB_BUFFER_PAGE'
2018-04-02 17:05:10 1808 [Note] Shutting down plugin 'INNODB_CMP_PER_INDEX_RESET'
2018-04-02 17:05:10 1808 [Note] Shutting down plugin 'INNODB_CMP_PER_INDEX'
2018-04-02 17:05:10 1808 [Note] Shutting down plugin 'INNODB_CMPMEM_RESET'
2018-04-02 17:05:10 1808 [Note] Shutting down plugin 'INNODB_CMPMEM'
2018-04-02 17:05:10 1808 [Note] Shutting down plugin 'INNODB_CMP_RESET'
2018-04-02 17:05:10 1808 [Note] Shutting down plugin 'INNODB_CMP'
2018-04-02 17:05:10 1808 [Note] Shutting down plugin 'INNODB_LOCK_WAITS'
2018-04-02 17:05:10 1808 [Note] Shutting down plugin 'INNODB_LOCKS'
2018-04-02 17:05:10 1808 [Note] Shutting down plugin 'INNODB_TRX'
2018-04-02 17:05:10 1808 [Note] Shutting down plugin 'InnoDB'
2018-04-02 17:05:10 1808 [Note] InnoDB: FTS optimize thread exiting.
2018-04-02 17:05:10 1808 [Note] InnoDB: Starting shutdown...
2018-04-02 17:05:11 1808 [Note] InnoDB: Shutdown completed; log sequence number 167204983
2018-04-02 17:05:11 1808 [Note] Shutting down plugin 'BLACKHOLE'
2018-04-02 17:05:11 1808 [Note] Shutting down plugin 'ARCHIVE'
2018-04-02 17:05:11 1808 [Note] Shutting down plugin 'MRG_MYISAM'
2018-04-02 17:05:11 1808 [Note] Shutting down plugin 'MyISAM'
2018-04-02 17:05:11 1808 [Note] Shutting down plugin 'MEMORY'
2018-04-02 17:05:11 1808 [Note] Shutting down plugin 'CSV'
2018-04-02 17:05:11 1808 [Note] Shutting down plugin 'sha256_password'
2018-04-02 17:05:11 1808 [Note] Shutting down plugin 'mysql_old_password'
2018-04-02 17:05:11 1808 [Note] Shutting down plugin 'mysql_native_password'
2018-04-02 17:05:11 1808 [Note] Shutting down plugin 'binlog'
2018-04-02 17:05:11 1808 [Note] C:\Program Files (x86)\DevDesktop\mysql\bin\mysqld.exe: Shutdown complete

